#
# There is insufficient memory for the Java Runtime Environment to continue.
# Native memory allocation (malloc) failed to allocate 686656 bytes for Chunk::new
# Possible reasons:
#   The system is out of physical RAM or swap space
#   In 32 bit mode, the process size limit was hit
# Possible solutions:
#   Reduce memory load on the system
#   Increase physical memory or swap space
#   Check if swap backing store is full
#   Use 64 bit Java on a 64 bit OS
#   Decrease Java heap size (-Xmx/-Xms)
#   Decrease number of Java threads
#   Decrease Java thread stack sizes (-Xss)
#   Set larger code cache with -XX:ReservedCodeCacheSize=
# This output file may be truncated or incomplete.
#
#  Out of Memory Error (allocation.cpp:390), pid=4900, tid=2636
#
# JRE version: Java(TM) SE Runtime Environment (8.0_20-b19) (build 1.8.0_20-ea-b19)
# Java VM: Java HotSpot(TM) 64-Bit Server VM (25.20-b19 mixed mode windows-amd64 compressed oops)
# Failed to write core dump. Minidumps are not enabled by default on client versions of Windows
#

---------------  T H R E A D  ---------------

Current thread (0x000000001571d000):  JavaThread "C2 CompilerThread0" daemon [_thread_in_native, id=2636, stack(0x0000000016c80000,0x0000000016d80000)]

Stack: [0x0000000016c80000,0x0000000016d80000]
Native frames: (J=compiled Java code, j=interpreted, Vv=VM code, C=native code)
V  [jvm.dll+0x314d7a]
V  [jvm.dll+0x265863]
V  [jvm.dll+0x2664af]
V  [jvm.dll+0x25dda5]
V  [jvm.dll+0xbdf05]
V  [jvm.dll+0xbe39c]
V  [jvm.dll+0x45bb72]
V  [jvm.dll+0x49ce5f]
V  [jvm.dll+0x450775]
V  [jvm.dll+0x451d64]
V  [jvm.dll+0x435872]
V  [jvm.dll+0x97892]
V  [jvm.dll+0x98083]
V  [jvm.dll+0x22a664]
V  [jvm.dll+0x283b0a]
C  [msvcr100.dll+0x21d9f]
C  [msvcr100.dll+0x21e3b]
C  [KERNEL32.DLL+0x13d2]
C  [ntdll.dll+0x6e954]


Current CompileTask:
C2:    917  591       4       net.orfjackal.retrolambda.asm.ClassReader::readMethod (1126 bytes)


---------------  P R O C E S S  ---------------

Java Threads: ( => current thread )
  0x000000001577d800 JavaThread "Service Thread" daemon [_thread_blocked, id=4436, stack(0x0000000017380000,0x0000000017480000)]
  0x0000000015729000 JavaThread "C1 CompilerThread2" daemon [_thread_in_native, id=6892, stack(0x0000000016e80000,0x0000000016f80000)]
  0x0000000015722800 JavaThread "C2 CompilerThread1" daemon [_thread_in_native, id=464, stack(0x0000000016d80000,0x0000000016e80000)]
=>0x000000001571d000 JavaThread "C2 CompilerThread0" daemon [_thread_in_native, id=2636, stack(0x0000000016c80000,0x0000000016d80000)]
  0x000000001571b800 JavaThread "Attach Listener" daemon [_thread_blocked, id=6900, stack(0x0000000016b80000,0x0000000016c80000)]
  0x000000001571a800 JavaThread "Signal Dispatcher" daemon [_thread_blocked, id=6024, stack(0x0000000016a80000,0x0000000016b80000)]
  0x0000000001fc6800 JavaThread "Finalizer" daemon [_thread_blocked, id=7328, stack(0x0000000016980000,0x0000000016a80000)]
  0x00000000156e8000 JavaThread "Reference Handler" daemon [_thread_blocked, id=5988, stack(0x0000000016880000,0x0000000016980000)]
  0x000000000068d800 JavaThread "main" [_thread_in_vm, id=692, stack(0x0000000000690000,0x0000000000790000)]

Other Threads:
  0x00000000156e5800 VMThread [stack: 0x0000000016780000,0x0000000016880000] [id=5160]
  0x0000000016f9c800 WatcherThread [stack: 0x0000000017480000,0x0000000017580000] [id=8064]

VM state:not at safepoint (normal execution)

VM Mutex/Monitor currently owned by a thread: None

Heap:
 PSYoungGen      total 27648K, used 4736K [0x00000000e1b80000, 0x00000000e5180000, 0x0000000100000000)
  eden space 24064K, 4% used [0x00000000e1b80000,0x00000000e1ca56f8,0x00000000e3300000)
  from space 3584K, 99% used [0x00000000e3300000,0x00000000e367aab8,0x00000000e3680000)
  to   space 3584K, 0% used [0x00000000e4e00000,0x00000000e4e00000,0x00000000e5180000)
 ParOldGen       total 62976K, used 8754K [0x00000000a5200000, 0x00000000a8f80000, 0x00000000e1b80000)
  object space 62976K, 13% used [0x00000000a5200000,0x00000000a5a8c998,0x00000000a8f80000)
 Metaspace       used 5664K, capacity 5844K, committed 6144K, reserved 1058816K
  class space    used 632K, capacity 676K, committed 768K, reserved 1048576K

Card table byte_map: [0x0000000011460000,0x0000000011740000] byte_map_base: 0x0000000010f37000

Marking Bits: (ParMarkBitMap*) 0x000000006ba5b560
 Begin Bits: [0x0000000011d30000, 0x00000000133e8000)
 End Bits:   [0x00000000133e8000, 0x0000000014aa0000)

Polling page: 0x0000000000520000

CodeCache: size=245760Kb used=2516Kb max_used=2516Kb free=243243Kb
 bounds [0x00000000020a0000, 0x0000000002320000, 0x00000000110a0000]
 total_blobs=930 nmethods=624 adapters=221
 compilation: enabled

Compilation events (10 events):
Event: 0.883 Thread 0x0000000015729000 nmethod 616 0x0000000002311590 code [0x0000000002311700, 0x0000000002311988]
Event: 0.883 Thread 0x0000000015729000  618       3       java.lang.Math::max (11 bytes)
Event: 0.884 Thread 0x0000000015729000 nmethod 618 0x0000000002311b50 code [0x0000000002311ca0, 0x0000000002311e30]
Event: 0.884 Thread 0x0000000015729000  619       3       net.orfjackal.retrolambda.asm.ByteVector::put12 (64 bytes)
Event: 0.884 Thread 0x0000000015729000 nmethod 619 0x0000000002311e90 code [0x0000000002312000, 0x0000000002312288]
Event: 0.884 Thread 0x0000000015729000  620       3       net.orfjackal.retrolambda.asm.MethodVisitor::visitVarInsn (17 bytes)
Event: 0.884 Thread 0x0000000015729000 nmethod 620 0x0000000002312410 code [0x0000000002312580, 0x00000000023127e8]
Event: 0.884 Thread 0x0000000015729000  621       3       net.orfjackal.retrolambda.asm.MethodWriter::visitLabel (281 bytes)
Event: 0.886 Thread 0x0000000015729000 nmethod 621 0x00000000023128d0 code [0x0000000002312aa0, 0x0000000002313288]
Event: 0.886 Thread 0x0000000015729000  623       3       net.orfjackal.retrolambda.asm.MethodVisitor::visitLabel (16 bytes)

GC Heap History (2 events):
Event: 0.857 GC heap before
{Heap before GC invocations=1 (full 0):
 PSYoungGen      total 27648K, used 24064K [0x00000000e1b80000, 0x00000000e3a00000, 0x0000000100000000)
  eden space 24064K, 100% used [0x00000000e1b80000,0x00000000e3300000,0x00000000e3300000)
  from space 3584K, 0% used [0x00000000e3680000,0x00000000e3680000,0x00000000e3a00000)
  to   space 3584K, 0% used [0x00000000e3300000,0x00000000e3300000,0x00000000e3680000)
 ParOldGen       total 62976K, used 0K [0x00000000a5200000, 0x00000000a8f80000, 0x00000000e1b80000)
  object space 62976K, 0% used [0x00000000a5200000,0x00000000a5200000,0x00000000a8f80000)
 Metaspace       used 5623K, capacity 5766K, committed 5888K, reserved 1056768K
  class space    used 629K, capacity 673K, committed 768K, reserved 1048576K
Event: 0.872 GC heap after
Heap after GC invocations=1 (full 0):
 PSYoungGen      total 27648K, used 3562K [0x00000000e1b80000, 0x00000000e5180000, 0x0000000100000000)
  eden space 24064K, 0% used [0x00000000e1b80000,0x00000000e1b80000,0x00000000e3300000)
  from space 3584K, 99% used [0x00000000e3300000,0x00000000e367aab8,0x00000000e3680000)
  to   space 3584K, 0% used [0x00000000e4e00000,0x00000000e4e00000,0x00000000e5180000)
 ParOldGen       total 62976K, used 8754K [0x00000000a5200000, 0x00000000a8f80000, 0x00000000e1b80000)
  object space 62976K, 13% used [0x00000000a5200000,0x00000000a5a8c998,0x00000000a8f80000)
 Metaspace       used 5623K, capacity 5766K, committed 5888K, reserved 1056768K
  class space    used 629K, capacity 673K, committed 768K, reserved 1048576K
}

Deoptimization events (6 events):
Event: 0.759 Thread 0x000000000068d800 Uncommon trap: reason=class_check action=maybe_recompile pc=0x00000000022e344c method=net.orfjackal.retrolambda.asm.ClassReader.readField(Lnet/orfjackal/retrolambda/asm/ClassVisitor;Lnet/orfjackal/retrolambda/asm/Context;I)I @ 351
Event: 0.762 Thread 0x000000000068d800 Uncommon trap: reason=class_check action=maybe_recompile pc=0x00000000022e344c method=net.orfjackal.retrolambda.asm.ClassReader.readField(Lnet/orfjackal/retrolambda/asm/ClassVisitor;Lnet/orfjackal/retrolambda/asm/Context;I)I @ 351
Event: 0.829 Thread 0x000000000068d800 Uncommon trap: reason=null_assert action=make_not_entrant pc=0x00000000022f6538 method=net.orfjackal.retrolambda.asm.ClassReader.readMethod(Lnet/orfjackal/retrolambda/asm/ClassVisitor;Lnet/orfjackal/retrolambda/asm/Context;I)I @ 527
Event: 0.853 Thread 0x000000000068d800 Uncommon trap: reason=class_check action=maybe_recompile pc=0x00000000022e344c method=net.orfjackal.retrolambda.asm.ClassReader.readField(Lnet/orfjackal/retrolambda/asm/ClassVisitor;Lnet/orfjackal/retrolambda/asm/Context;I)I @ 351
Event: 0.853 Thread 0x000000000068d800 Uncommon trap: reason=unreached action=reinterpret pc=0x0000000002293270 method=net.orfjackal.retrolambda.asm.ClassVisitor.visitField(ILjava/lang/String;Ljava/lang/String;Ljava/lang/String;Ljava/lang/Object;)Lnet/orfjackal/retrolambda/asm/FieldVisitor; @ 4è—|‘HÏ?
Event: 0.875 Thread 0x000000000068d800 Uncommon trap: reason=class_check action=maybe_recompile pc=0x00000000022e344c method=net.orfjackal.retrolambda.asm.ClassReader.readField(Lnet/orfjackal/retrolambda/asm/ClassVisitor;Lnet/orfjackal/retrolambda/asm/Context;I)I @ 351

Internal exceptions (10 events):
Event: 0.834 Thread 0x000000000068d800 Exception <a 'java/security/PrivilegedActionException'> (0x00000000e31efdb8) thrown at [D:\re\workspace\8-2-build-windows-amd64-cygwin\jdk8u20\660.nc\hotspot\src\share\vm\prims\jvm.cpp, line 1275]
Event: 0.836 Thread 0x000000000068d800 Exception <a 'java/security/PrivilegedActionException'> (0x00000000e31f5a98) thrown at [D:\re\workspace\8-2-build-windows-amd64-cygwin\jdk8u20\660.nc\hotspot\src\share\vm\prims\jvm.cpp, line 1275]
Event: 0.837 Thread 0x000000000068d800 Exception <a 'java/security/PrivilegedActionException'> (0x00000000e31fad10) thrown at [D:\re\workspace\8-2-build-windows-amd64-cygwin\jdk8u20\660.nc\hotspot\src\share\vm\prims\jvm.cpp, line 1275]
Event: 0.837 Thread 0x000000000068d800 Exception <a 'java/security/PrivilegedActionException'> (0x00000000e31ff160) thrown at [D:\re\workspace\8-2-build-windows-amd64-cygwin\jdk8u20\660.nc\hotspot\src\share\vm\prims\jvm.cpp, line 1275]
Event: 0.838 Thread 0x000000000068d800 Exception <a 'java/security/PrivilegedActionException'> (0x00000000e32021b0) thrown at [D:\re\workspace\8-2-build-windows-amd64-cygwin\jdk8u20\660.nc\hotspot\src\share\vm\prims\jvm.cpp, line 1275]
Event: 0.838 Thread 0x000000000068d800 Exception <a 'java/security/PrivilegedActionException'> (0x00000000e32064d8) thrown at [D:\re\workspace\8-2-build-windows-amd64-cygwin\jdk8u20\660.nc\hotspot\src\share\vm\prims\jvm.cpp, line 1275]
Event: 0.842 Thread 0x000000000068d800 Exception <a 'java/security/PrivilegedActionException'> (0x00000000e320a220) thrown at [D:\re\workspace\8-2-build-windows-amd64-cygwin\jdk8u20\660.nc\hotspot\src\share\vm\prims\jvm.cpp, line 1275]
Event: 0.856 Thread 0x000000000068d800 Exception <a 'java/security/PrivilegedActionException'> (0x00000000e3257e90) thrown at [D:\re\workspace\8-2-build-windows-amd64-cygwin\jdk8u20\660.nc\hotspot\src\share\vm\prims\jvm.cpp, line 1275]
Event: 0.857 Thread 0x000000000068d800 Exception <a 'java/security/PrivilegedActionException'> (0x00000000e325a688) thrown at [D:\re\workspace\8-2-build-windows-amd64-cygwin\jdk8u20\660.nc\hotspot\src\share\vm\prims\jvm.cpp, line 1275]
Event: 0.882 Thread 0x000000000068d800 Exception <a 'java/security/PrivilegedActionException'> (0x00000000e1bb5050) thrown at [D:\re\workspace\8-2-build-windows-amd64-cygwin\jdk8u20\660.nc\hotspot\src\share\vm\prims\jvm.cpp, line 1275]

Events (10 events):
Event: 0.877 loading class net/orfjackal/retrolambda/asm/ClassVisitor
Event: 0.877 loading class net/orfjackal/retrolambda/asm/ClassVisitor done
Event: 0.877 loading class net/orfjackal/retrolambda/Transformers
Event: 0.877 loading class net/orfjackal/retrolambda/Transformers done
Event: 0.878 loading class net/orfjackal/retrolambda/asm/ClassReader
Event: 0.878 loading class net/orfjackal/retrolambda/asm/ClassReader done
Event: 0.878 loading class net/orfjackal/retrolambda/asm/ClassReader
Event: 0.878 loading class net/orfjackal/retrolambda/asm/ClassReader done
Event: 0.882 loading class net/orfjackal/retrolambda/asm/Opcodes
Event: 0.882 loading class net/orfjackal/retrolambda/asm/Opcodes done


Dynamic libraries:
0x00007ff63ef60000 - 0x00007ff63ef94000 	C:\Program Files\Java\jdk1.8.0_20\bin\java.exe
0x00007ffa2a440000 - 0x00007ffa2a5ec000 	C:\Windows\SYSTEM32\ntdll.dll
0x00007ffa27b90000 - 0x00007ffa27cce000 	C:\Windows\system32\KERNEL32.DLL
0x00007ffa279a0000 - 0x00007ffa27ab5000 	C:\Windows\system32\KERNELBASE.dll
0x00007ffa260c0000 - 0x00007ffa2614e000 	C:\Windows\system32\apphelp.dll
0x00007ffa14d70000 - 0x00007ffa14dc3000 	C:\Windows\AppPatch\AppPatch64\AcGenral.DLL
0x00007ffa288b0000 - 0x00007ffa2895a000 	C:\Windows\system32\msvcrt.dll
0x00007ffa27280000 - 0x00007ffa272ae000 	C:\Windows\SYSTEM32\SspiCli.dll
0x00007ffa2a3e0000 - 0x00007ffa2a434000 	C:\Windows\system32\SHLWAPI.dll
0x00007ffa28520000 - 0x00007ffa28697000 	C:\Windows\system32\USER32.dll
0x00007ffa280e0000 - 0x00007ffa28274000 	C:\Windows\system32\ole32.dll
0x00007ffa28d40000 - 0x00007ffa2a258000 	C:\Windows\system32\SHELL32.dll
0x00007ffa26b60000 - 0x00007ffa26b81000 	C:\Windows\SYSTEM32\USERENV.dll
0x00007ffa286a0000 - 0x00007ffa2874a000 	C:\Windows\system32\ADVAPI32.dll
0x00007ffa16830000 - 0x00007ffa1684e000 	C:\Windows\SYSTEM32\MPR.dll
0x00007ffa2a290000 - 0x00007ffa2a3d1000 	C:\Windows\system32\RPCRT4.dll
0x00007ffa28080000 - 0x00007ffa280d9000 	C:\Windows\SYSTEM32\sechost.dll
0x00007ffa28290000 - 0x00007ffa284a1000 	C:\Windows\SYSTEM32\combase.dll
0x00007ffa28750000 - 0x00007ffa288a1000 	C:\Windows\system32\GDI32.dll
0x00007ffa27590000 - 0x00007ffa275a5000 	C:\Windows\SYSTEM32\profapi.dll
0x00007ffa26000000 - 0x00007ffa260b2000 	C:\Windows\SYSTEM32\SHCORE.dll
0x00007ffa27e30000 - 0x00007ffa27e66000 	C:\Windows\system32\IMM32.DLL
0x00007ffa27cd0000 - 0x00007ffa27e22000 	C:\Windows\system32\MSCTF.dll
0x00007ffa27550000 - 0x00007ffa2757f000 	C:\Windows\system32\nvinitx.dll
0x00007ffa252b0000 - 0x00007ffa2552b000 	C:\Windows\WinSxS\amd64_microsoft.windows.common-controls_6595b64144ccf1df_6.0.9600.17415_none_6240486fecbd8abb\COMCTL32.dll
0x000000006c510000 - 0x000000006c5e2000 	C:\Program Files\Java\jdk1.8.0_20\jre\bin\msvcr100.dll
0x000000006b280000 - 0x000000006bad8000 	C:\Program Files\Java\jdk1.8.0_20\jre\bin\server\jvm.dll
0x00007ffa1e270000 - 0x00007ffa1e279000 	C:\Windows\SYSTEM32\WSOCK32.dll
0x00007ffa25020000 - 0x00007ffa25042000 	C:\Windows\SYSTEM32\WINMM.dll
0x00007ffa28d30000 - 0x00007ffa28d37000 	C:\Windows\system32\PSAPI.DLL
0x00007ffa28a30000 - 0x00007ffa28a8a000 	C:\Windows\system32\WS2_32.dll
0x00007ffa24d00000 - 0x00007ffa24d2a000 	C:\Windows\SYSTEM32\WINMMBASE.dll
0x00007ffa27ac0000 - 0x00007ffa27ac9000 	C:\Windows\system32\NSI.dll
0x00007ffa278f0000 - 0x00007ffa2793f000 	C:\Windows\SYSTEM32\cfgmgr32.dll
0x00007ffa26360000 - 0x00007ffa26388000 	C:\Windows\SYSTEM32\DEVOBJ.dll
0x000000006c500000 - 0x000000006c50f000 	C:\Program Files\Java\jdk1.8.0_20\jre\bin\verify.dll
0x000000006c4d0000 - 0x000000006c4f8000 	C:\Program Files\Java\jdk1.8.0_20\jre\bin\java.dll
0x000000006b260000 - 0x000000006b276000 	C:\Program Files\Java\jdk1.8.0_20\jre\bin\zip.dll
0x000000006b240000 - 0x000000006b25a000 	C:\Program Files\Java\jdk1.8.0_20\jre\bin\net.dll
0x00007ffa265c0000 - 0x00007ffa265d6000 	C:\Windows\system32\PrxerDrv.dll
0x00007ffa26dd0000 - 0x00007ffa26e29000 	C:\Windows\system32\mswsock.dll
0x000000006b220000 - 0x000000006b231000 	C:\Program Files\Java\jdk1.8.0_20\jre\bin\nio.dll
0x00007ffa1f540000 - 0x00007ffa1f6ca000 	C:\Windows\SYSTEM32\dbghelp.dll

VM Arguments:
jvm_args: -Dretrolambda.bytecodeVersion=50 -Dretrolambda.classpathFile=C:\Users\Hamid\AppData\Local\Temp\inc-8169412339529385522.path -Dretrolambda.inputDir=D:\dev_working2\MS_Native\app\build\retrolambda\devDebug -Dretrolambda.outputDir=D:\dev_working2\MS_Native\app\build\intermediates\classes\dev\debug -Dfile.encoding=windows-1252 -Duser.country=US -Duser.language=en -Duser.variant 
java_command: net.orfjackal.retrolambda.Main
java_class_path (initial): C:\Users\Hamid\.gradle\caches\modules-2\files-2.1\net.orfjackal.retrolambda\retrolambda\2.1.0\6b764ee7bcfa99627f12d0b051f4640b5725178f\retrolambda-2.1.0.jar
Launcher Type: SUN_STANDARD

Environment Variables:
JAVA_HOME=C:\Program Files\Java\jdk1.8.0_20\
PATH=d:\program files\graphicsmagick-1.3.21-q8;d:\Program Files\ImageMagick-6.9.1-Q16;C:\ProgramData\Oracle\Java\javapath;C:\Windows\system32;C:\Windows;C:\Windows\System32\Wbem;C:\Windows\System32\WindowsPowerShell\v1.0\;C:\Program Files\apache-ant-1.9.4\bin;C:\Users\Hamid\AppData\Roaming\npm;C:\Program Files (x86)\Android\android-studio\sdk\tools;C:\Program Files (x86)\Android\android-studio\sdk\platform-tools;E:\Program Files\MySQL\MySQL Utilities 1.3.5\;C:\Program Files\Java\jdk1.8.0_20\bin;C:\MinGW\bin;C:\D\dmd2\windows\bin;C:\D;C:\Rust\bin;E:\Program Files\MySQL\MySQL Server 5.6\bin;C:\Go\_gopath\bin;C:\Program Files (x86)\Windows Kits\8.1\Windows Performance Toolkit\;C:\Program Files\Microsoft SQL Server\110\Tools\Binn\;C:\Program Files\IDM Computer Solutions\UltraEdit;C:\Program Files\Git\cmd;C:\TDM-GCC-64\bin;C:\Go\bin;D:\Program Files\nodejs\;C:\Program Files\Android\Android Studio\gradle\gradle-2.14.1\bin;C:\bins\openssl-0.9.8h-1-bin\bin;C:\bins\others;C:\Ruby23-x64\bin;e:\Ruby21\bin;e:\Ruby20\bin;C:\ProgramData\chocolatey\bin;D:\_sdk1;D:\_sdk1\platform-tools;C:\Python27;E:\dev_working\go_appengine;C:\Go\_gopath\bin;C:\Program Files (x86)\Microsoft VS Code\bin;C:\Program Files\Docker Toolbox;C:\Users\Hamid\AppData\Roaming\npm;C:\Program Files (x86)\Graphviz2.38\bin;;.;;.;
USERNAME=Hamid
OS=Windows_NT
PROCESSOR_IDENTIFIER=Intel64 Family 6 Model 37 Stepping 5, GenuineIntel



---------------  S Y S T E M  ---------------

OS: Windows 8.1 , 64 bit Build 9600 

CPU:total 4 (2 cores per cpu, 2 threads per core) family 6 model 37 stepping 5, cmov, cx8, fxsr, mmx, sse, sse2, sse3, ssse3, sse4.1, sse4.2, popcnt, ht, tsc, tscinvbit

Memory: 4k page, physical 5954256k(101564k free), swap 9099984k(5116k free)

vm_info: Java HotSpot(TM) 64-Bit Server VM (25.20-b19) for windows-amd64 JRE (1.8.0_20-ea-b19), built on Jun 18 2014 01:46:33 by "java_re" with MS VC++ 10.0 (VS2010)

time: Sat Feb 25 19:46:50 2017
elapsed time: 0 seconds (0d 0h 0m 0s)

